140924  8:33:03 [Note] Plugin 'FEDERATED' is disabled.
140924  8:33:03 InnoDB: The InnoDB memory heap is disabled
140924  8:33:03 InnoDB: Mutexes and rw_locks use Windows interlocked functions
140924  8:33:03 InnoDB: Compressed tables use zlib 1.2.3
140924  8:33:03 InnoDB: Initializing buffer pool, size = 16.0M
140924  8:33:03 InnoDB: Completed initialization of buffer pool
140924  8:33:03 InnoDB: highest supported file format is Barracuda.
140924  8:33:05  InnoDB: Waiting for the background threads to start
140924  8:33:06 InnoDB: 5.5.36 started; log sequence number 6004316
140924  8:33:06 [Note] Server hostname (bind-address): '127.0.0.1'; port: 3306
140924  8:33:06 [Note]   - '127.0.0.1' resolves to '127.0.0.1';
140924  8:33:06 [Note] Server socket created on IP: '127.0.0.1'.
140924  8:33:07 [Note] Event Scheduler: Loaded 0 events
140924  8:33:07 [Note] G:\RudhraTafe\Epworth\Git\core\mysql\bin\mysqld_z.exe: ready for connections.
Version: '5.5.36'  socket: ''  port: 3306  MySQL Community Server (GPL)
140924  8:33:26 [Note] Plugin 'FEDERATED' is disabled.
140924  8:33:26 InnoDB: The InnoDB memory heap is disabled
140924  8:33:26 InnoDB: Mutexes and rw_locks use Windows interlocked functions
140924  8:33:26 InnoDB: Compressed tables use zlib 1.2.3
140924  8:33:26 InnoDB: Initializing buffer pool, size = 16.0M
140924  8:33:26 InnoDB: Completed initialization of buffer pool
140924  8:33:26 InnoDB: highest supported file format is Barracuda.
140924  8:33:27  InnoDB: Waiting for the background threads to start
140924  8:33:28 InnoDB: 5.5.36 started; log sequence number 6004316
140924  8:33:28 [Note] Server hostname (bind-address): '127.0.0.1'; port: 3306
140924  8:33:28 [Note]   - '127.0.0.1' resolves to '127.0.0.1';
140924  8:33:28 [Note] Server socket created on IP: '127.0.0.1'.
140924  8:33:28 [Note] Event Scheduler: Loaded 0 events
140924  8:33:28 [Note] G:\RudhraTafe\Epworth\Git\core\mysql\bin\mysqld_z.exe: ready for connections.
Version: '5.5.36'  socket: ''  port: 3306  MySQL Community Server (GPL)
140924  9:02:11 [Note] G:\RudhraTafe\Epworth\Git\core\mysql\bin\mysqld_z.exe: Normal shutdown

140924  9:02:11 [Note] Event Scheduler: Purging the queue. 0 events
140924  9:02:11  InnoDB: Starting shutdown...
140924  9:02:12  InnoDB: Shutdown completed; log sequence number 6004326
140924  9:02:12 [Note] G:\RudhraTafe\Epworth\Git\core\mysql\bin\mysqld_z.exe: Shutdown complete

140924  9:12:27 [Note] Plugin 'FEDERATED' is disabled.
140924  9:12:27 InnoDB: The InnoDB memory heap is disabled
140924  9:12:27 InnoDB: Mutexes and rw_locks use Windows interlocked functions
140924  9:12:27 InnoDB: Compressed tables use zlib 1.2.3
140924  9:12:27 InnoDB: Initializing buffer pool, size = 16.0M
140924  9:12:27 InnoDB: Completed initialization of buffer pool
140924  9:12:27 InnoDB: highest supported file format is Barracuda.
140924  9:12:28  InnoDB: Waiting for the background threads to start
140924  9:12:29 InnoDB: 5.5.36 started; log sequence number 6004326
140924  9:12:29 [Note] Server hostname (bind-address): '127.0.0.1'; port: 3306
140924  9:12:29 [Note]   - '127.0.0.1' resolves to '127.0.0.1';
140924  9:12:29 [Note] Server socket created on IP: '127.0.0.1'.
140924  9:12:29 [Note] Event Scheduler: Loaded 0 events
140924  9:12:29 [Note] G:\RudhraTafe\Epworth\Git\core\mysql\bin\mysqld_z.exe: ready for connections.
Version: '5.5.36'  socket: ''  port: 3306  MySQL Community Server (GPL)
140924  9:37:01 [Note] G:\RudhraTafe\Epworth\Git\core\mysql\bin\mysqld_z.exe: Normal shutdown

140924  9:37:01 [Note] Event Scheduler: Purging the queue. 0 events
140924  9:37:01  InnoDB: Starting shutdown...
140924  9:37:03  InnoDB: Shutdown completed; log sequence number 6402289
140924  9:37:03 [Note] G:\RudhraTafe\Epworth\Git\core\mysql\bin\mysqld_z.exe: Shutdown complete

140924 11:40:02 [Note] Plugin 'FEDERATED' is disabled.
140924 11:40:02 InnoDB: The InnoDB memory heap is disabled
140924 11:40:02 InnoDB: Mutexes and rw_locks use Windows interlocked functions
140924 11:40:02 InnoDB: Compressed tables use zlib 1.2.3
140924 11:40:02 InnoDB: Initializing buffer pool, size = 16.0M
140924 11:40:02 InnoDB: Completed initialization of buffer pool
140924 11:40:02 InnoDB: highest supported file format is Barracuda.
140924 11:40:05  InnoDB: Waiting for the background threads to start
140924 11:40:06 InnoDB: 5.5.36 started; log sequence number 6402289
140924 11:40:06 [Note] Server hostname (bind-address): '127.0.0.1'; port: 3306
140924 11:40:06 [Note]   - '127.0.0.1' resolves to '127.0.0.1';
140924 11:40:06 [Note] Server socket created on IP: '127.0.0.1'.
140924 11:40:07 [Note] Event Scheduler: Loaded 0 events
140924 11:40:07 [Note] G:\RudhraTafe\Epworth\Git\core\mysql\bin\mysqld_z.exe: ready for connections.
Version: '5.5.36'  socket: ''  port: 3306  MySQL Community Server (GPL)
140924 11:55:46 [Note] G:\RudhraTafe\Epworth\Git\core\mysql\bin\mysqld_z.exe: Normal shutdown

140924 11:55:46 [Note] Event Scheduler: Purging the queue. 0 events
140924 11:55:46  InnoDB: Starting shutdown...
140924 11:55:47  InnoDB: Shutdown completed; log sequence number 6402299
140924 11:55:48 [Note] G:\RudhraTafe\Epworth\Git\core\mysql\bin\mysqld_z.exe: Shutdown complete

140924 22:01:04 [Note] Plugin 'FEDERATED' is disabled.
140924 22:01:04 InnoDB: The InnoDB memory heap is disabled
140924 22:01:04 InnoDB: Mutexes and rw_locks use Windows interlocked functions
140924 22:01:04 InnoDB: Compressed tables use zlib 1.2.3
140924 22:01:04 InnoDB: Initializing buffer pool, size = 16.0M
140924 22:01:04 InnoDB: Completed initialization of buffer pool
140924 22:01:04 InnoDB: highest supported file format is Barracuda.
140924 22:01:05  InnoDB: Waiting for the background threads to start
140924 22:01:06 InnoDB: 5.5.36 started; log sequence number 6402299
140924 22:01:06 [Note] Server hostname (bind-address): '127.0.0.1'; port: 3306
140924 22:01:06 [Note]   - '127.0.0.1' resolves to '127.0.0.1';
140924 22:01:06 [Note] Server socket created on IP: '127.0.0.1'.
140924 22:01:07 [Note] Event Scheduler: Loaded 0 events
140924 22:01:07 [Note] G:\RudhraTafe\Epworth\Git\core\mysql\bin\mysqld_z.exe: ready for connections.
Version: '5.5.36'  socket: ''  port: 3306  MySQL Community Server (GPL)
140924 22:01:51 [Note] G:\RudhraTafe\Epworth\Git\core\mysql\bin\mysqld_z.exe: Normal shutdown

140924 22:01:51 [Note] Event Scheduler: Purging the queue. 0 events
140924 22:01:51  InnoDB: Starting shutdown...
140924 22:01:52  InnoDB: Shutdown completed; log sequence number 6402299
140924 22:01:52 [Note] G:\RudhraTafe\Epworth\Git\core\mysql\bin\mysqld_z.exe: Shutdown complete

140924 22:04:46 [Note] Plugin 'FEDERATED' is disabled.
140924 22:04:46 InnoDB: The InnoDB memory heap is disabled
140924 22:04:46 InnoDB: Mutexes and rw_locks use Windows interlocked functions
140924 22:04:46 InnoDB: Compressed tables use zlib 1.2.3
140924 22:04:46 InnoDB: Initializing buffer pool, size = 16.0M
140924 22:04:46 InnoDB: Completed initialization of buffer pool
140924 22:04:46 InnoDB: highest supported file format is Barracuda.
140924 22:04:47  InnoDB: Waiting for the background threads to start
140924 22:04:48 InnoDB: 5.5.36 started; log sequence number 6402299
140924 22:04:48 [Note] Server hostname (bind-address): '127.0.0.1'; port: 3306
140924 22:04:48 [Note]   - '127.0.0.1' resolves to '127.0.0.1';
140924 22:04:48 [Note] Server socket created on IP: '127.0.0.1'.
140924 22:04:49 [Note] Event Scheduler: Loaded 0 events
140924 22:04:49 [Note] G:\RudhraTafe\Epworth\Git\core\mysql\bin\mysqld_z.exe: ready for connections.
Version: '5.5.36'  socket: ''  port: 3306  MySQL Community Server (GPL)
140924 22:06:54 [Note] G:\RudhraTafe\Epworth\Git\core\mysql\bin\mysqld_z.exe: Normal shutdown

140924 22:06:54 [Note] Event Scheduler: Purging the queue. 0 events
140924 22:06:54  InnoDB: Starting shutdown...
140924 22:06:56  InnoDB: Shutdown completed; log sequence number 6402309
140924 22:06:56 [Note] G:\RudhraTafe\Epworth\Git\core\mysql\bin\mysqld_z.exe: Shutdown complete

140924 22:29:57 [Note] Plugin 'FEDERATED' is disabled.
140924 22:29:57 InnoDB: The InnoDB memory heap is disabled
140924 22:29:57 InnoDB: Mutexes and rw_locks use Windows interlocked functions
140924 22:29:57 InnoDB: Compressed tables use zlib 1.2.3
140924 22:29:57 InnoDB: Initializing buffer pool, size = 16.0M
140924 22:29:57 InnoDB: Completed initialization of buffer pool
140924 22:29:58 InnoDB: highest supported file format is Barracuda.
140924 22:30:00  InnoDB: Waiting for the background threads to start
140924 22:30:01 InnoDB: 5.5.36 started; log sequence number 6402309
140924 22:30:01 [Note] Server hostname (bind-address): '127.0.0.1'; port: 3306
140924 22:30:01 [Note]   - '127.0.0.1' resolves to '127.0.0.1';
140924 22:30:01 [Note] Server socket created on IP: '127.0.0.1'.
140924 22:30:02 [Note] Event Scheduler: Loaded 0 events
140924 22:30:02 [Note] G:\RudhraTafe\Epworth\Newfolder\core\mysql\bin\mysqld_z.exe: ready for connections.
Version: '5.5.36'  socket: ''  port: 3306  MySQL Community Server (GPL)
140924 22:30:27 [Note] G:\RudhraTafe\Epworth\Newfolder\core\mysql\bin\mysqld_z.exe: Normal shutdown

140924 22:30:27 [Note] Event Scheduler: Purging the queue. 0 events
140924 22:30:27  InnoDB: Starting shutdown...
140924 22:30:28  InnoDB: Shutdown completed; log sequence number 6402319
140924 22:30:28 [Note] G:\RudhraTafe\Epworth\Newfolder\core\mysql\bin\mysqld_z.exe: Shutdown complete

140924 22:40:34 [Note] Plugin 'FEDERATED' is disabled.
140924 22:40:34 InnoDB: The InnoDB memory heap is disabled
140924 22:40:34 InnoDB: Mutexes and rw_locks use Windows interlocked functions
140924 22:40:34 InnoDB: Compressed tables use zlib 1.2.3
140924 22:40:35 InnoDB: Initializing buffer pool, size = 16.0M
140924 22:40:35 InnoDB: Completed initialization of buffer pool
140924 22:40:35 InnoDB: highest supported file format is Barracuda.
140924 22:40:36  InnoDB: Waiting for the background threads to start
140924 22:40:37 InnoDB: 5.5.36 started; log sequence number 6402319
140924 22:40:37 [Note] Server hostname (bind-address): '127.0.0.1'; port: 3306
140924 22:40:37 [Note]   - '127.0.0.1' resolves to '127.0.0.1';
140924 22:40:37 [Note] Server socket created on IP: '127.0.0.1'.
140924 22:40:37 [Note] Event Scheduler: Loaded 0 events
140924 22:40:37 [Note] G:\RudhraTafe\Epworth\Git\core\mysql\bin\mysqld_z.exe: ready for connections.
Version: '5.5.36'  socket: ''  port: 3306  MySQL Community Server (GPL)
140924 22:40:42 [Note] G:\RudhraTafe\Epworth\Git\core\mysql\bin\mysqld_z.exe: Normal shutdown

140924 22:40:42 [Note] Event Scheduler: Purging the queue. 0 events
140924 22:40:42  InnoDB: Starting shutdown...
140924 22:40:42  InnoDB: Shutdown completed; log sequence number 6402319
140924 22:40:42 [Note] G:\RudhraTafe\Epworth\Git\core\mysql\bin\mysqld_z.exe: Shutdown complete

140924 22:42:39 [Note] Plugin 'FEDERATED' is disabled.
140924 22:42:39 InnoDB: The InnoDB memory heap is disabled
140924 22:42:39 InnoDB: Mutexes and rw_locks use Windows interlocked functions
140924 22:42:39 InnoDB: Compressed tables use zlib 1.2.3
140924 22:42:39 InnoDB: Initializing buffer pool, size = 16.0M
140924 22:42:39 InnoDB: Completed initialization of buffer pool
140924 22:42:40 InnoDB: highest supported file format is Barracuda.
140924 22:42:40  InnoDB: Waiting for the background threads to start
140924 22:42:41 InnoDB: 5.5.36 started; log sequence number 6402319
140924 22:42:41 [Note] Server hostname (bind-address): '127.0.0.1'; port: 3306
140924 22:42:41 [Note]   - '127.0.0.1' resolves to '127.0.0.1';
140924 22:42:41 [Note] Server socket created on IP: '127.0.0.1'.
140924 22:42:42 [Note] Event Scheduler: Loaded 0 events
140924 22:42:42 [Note] G:\RudhraTafe\Epworth\Git\core\mysql\bin\mysqld_z.exe: ready for connections.
Version: '5.5.36'  socket: ''  port: 3306  MySQL Community Server (GPL)
140924 23:09:22 [Note] G:\RudhraTafe\Epworth\Git\core\mysql\bin\mysqld_z.exe: Normal shutdown

140924 23:09:22 [Note] Event Scheduler: Purging the queue. 0 events
140924 23:09:22  InnoDB: Starting shutdown...
140924 23:09:24  InnoDB: Shutdown completed; log sequence number 6402329
140924 23:09:24 [Note] G:\RudhraTafe\Epworth\Git\core\mysql\bin\mysqld_z.exe: Shutdown complete

140924 23:09:46 [Note] Plugin 'FEDERATED' is disabled.
140924 23:09:46 InnoDB: The InnoDB memory heap is disabled
140924 23:09:46 InnoDB: Mutexes and rw_locks use Windows interlocked functions
140924 23:09:46 InnoDB: Compressed tables use zlib 1.2.3
140924 23:09:46 InnoDB: Initializing buffer pool, size = 16.0M
140924 23:09:46 InnoDB: Completed initialization of buffer pool
140924 23:09:46 InnoDB: highest supported file format is Barracuda.
140924 23:09:47  InnoDB: Waiting for the background threads to start
140924 23:09:48 InnoDB: 5.5.36 started; log sequence number 6402329
140924 23:09:48 [Note] Server hostname (bind-address): '127.0.0.1'; port: 3306
140924 23:09:48 [Note]   - '127.0.0.1' resolves to '127.0.0.1';
140924 23:09:48 [Note] Server socket created on IP: '127.0.0.1'.
140924 23:09:48 [Note] Event Scheduler: Loaded 0 events
140924 23:09:48 [Note] G:\RudhraTafe\Epworth\Git\core\mysql\bin\mysqld_z.exe: ready for connections.
Version: '5.5.36'  socket: ''  port: 3306  MySQL Community Server (GPL)
140924 23:18:25 [Note] G:\RudhraTafe\Epworth\Git\core\mysql\bin\mysqld_z.exe: Normal shutdown

140924 23:18:25 [Note] Event Scheduler: Purging the queue. 0 events
140924 23:18:25  InnoDB: Starting shutdown...
140924 23:18:27  InnoDB: Shutdown completed; log sequence number 6402646
140924 23:18:27 [Note] G:\RudhraTafe\Epworth\Git\core\mysql\bin\mysqld_z.exe: Shutdown complete

140924 23:20:47 [Note] Plugin 'FEDERATED' is disabled.
140924 23:20:47 InnoDB: The InnoDB memory heap is disabled
140924 23:20:47 InnoDB: Mutexes and rw_locks use Windows interlocked functions
140924 23:20:47 InnoDB: Compressed tables use zlib 1.2.3
140924 23:20:48 InnoDB: Initializing buffer pool, size = 16.0M
140924 23:20:48 InnoDB: Completed initialization of buffer pool
140924 23:20:48 InnoDB: highest supported file format is Barracuda.
140924 23:20:49  InnoDB: Waiting for the background threads to start
140924 23:20:50 InnoDB: 5.5.36 started; log sequence number 6402646
140924 23:20:50 [Note] Server hostname (bind-address): '127.0.0.1'; port: 3306
140924 23:20:50 [Note]   - '127.0.0.1' resolves to '127.0.0.1';
140924 23:20:50 [Note] Server socket created on IP: '127.0.0.1'.
140924 23:20:50 [Note] Event Scheduler: Loaded 0 events
140924 23:20:50 [Note] G:\RudhraTafe\Epworth\Git\core\mysql\bin\mysqld_z.exe: ready for connections.
Version: '5.5.36'  socket: ''  port: 3306  MySQL Community Server (GPL)
140925  0:09:46 [Note] G:\RudhraTafe\Epworth\Git\core\mysql\bin\mysqld_z.exe: Normal shutdown

140925  0:09:46 [Note] Event Scheduler: Purging the queue. 0 events
140925  0:09:46  InnoDB: Starting shutdown...
140925  0:09:48  InnoDB: Shutdown completed; log sequence number 6402880
140925  0:09:48 [Note] G:\RudhraTafe\Epworth\Git\core\mysql\bin\mysqld_z.exe: Shutdown complete

140928 19:11:58 [Note] Plugin 'FEDERATED' is disabled.
140928 19:11:58 InnoDB: The InnoDB memory heap is disabled
140928 19:11:58 InnoDB: Mutexes and rw_locks use Windows interlocked functions
140928 19:11:58 InnoDB: Compressed tables use zlib 1.2.3
140928 19:11:58 InnoDB: Initializing buffer pool, size = 16.0M
140928 19:11:58 InnoDB: Completed initialization of buffer pool
140928 19:11:58 InnoDB: highest supported file format is Barracuda.
140928 19:12:01  InnoDB: Waiting for the background threads to start
140928 19:12:02 InnoDB: 5.5.36 started; log sequence number 6402880
140928 19:12:02 [Note] Server hostname (bind-address): '127.0.0.1'; port: 3306
140928 19:12:02 [Note]   - '127.0.0.1' resolves to '127.0.0.1';
140928 19:12:02 [Note] Server socket created on IP: '127.0.0.1'.
140928 19:12:04 [Note] Event Scheduler: Loaded 0 events
140928 19:12:04 [Note] G:\RudhraTafe\Epworth\Git\core\mysql\bin\mysqld_z.exe: ready for connections.
Version: '5.5.36'  socket: ''  port: 3306  MySQL Community Server (GPL)
140929  9:11:56 [Note] G:\RudhraTafe\Epworth\Git\core\mysql\bin\mysqld_z.exe: Normal shutdown

140929  9:11:56 [Note] Event Scheduler: Purging the queue. 0 events
140929  9:11:56  InnoDB: Starting shutdown...
140929  9:11:58  InnoDB: Shutdown completed; log sequence number 6403405
140929  9:11:58 [Note] G:\RudhraTafe\Epworth\Git\core\mysql\bin\mysqld_z.exe: Shutdown complete

140929  9:24:53 [Note] Plugin 'FEDERATED' is disabled.
140929  9:24:53 InnoDB: The InnoDB memory heap is disabled
140929  9:24:53 InnoDB: Mutexes and rw_locks use Windows interlocked functions
140929  9:24:53 InnoDB: Compressed tables use zlib 1.2.3
140929  9:24:54 InnoDB: Initializing buffer pool, size = 16.0M
140929  9:24:54 InnoDB: Completed initialization of buffer pool
140929  9:24:54 InnoDB: highest supported file format is Barracuda.
140929  9:24:55  InnoDB: Waiting for the background threads to start
140929  9:24:56 InnoDB: 5.5.36 started; log sequence number 6403405
140929  9:24:56 [Note] Server hostname (bind-address): '127.0.0.1'; port: 3306
140929  9:24:56 [Note]   - '127.0.0.1' resolves to '127.0.0.1';
140929  9:24:56 [Note] Server socket created on IP: '127.0.0.1'.
140929  9:24:58 [Note] Event Scheduler: Loaded 0 events
140929  9:24:58 [Note] G:\RudhraTafe\Epworth\Git\core\mysql\bin\mysqld_z.exe: ready for connections.
Version: '5.5.36'  socket: ''  port: 3306  MySQL Community Server (GPL)
140929 13:03:15 [Note] G:\RudhraTafe\Epworth\Git\core\mysql\bin\mysqld_z.exe: Normal shutdown

140929 13:03:15 [Note] Event Scheduler: Purging the queue. 0 events
140929 13:03:15  InnoDB: Starting shutdown...
140929 13:03:15  InnoDB: Shutdown completed; log sequence number 6403415
140929 13:03:15 [Note] G:\RudhraTafe\Epworth\Git\core\mysql\bin\mysqld_z.exe: Shutdown complete

140929 21:41:01 [Note] Plugin 'FEDERATED' is disabled.
140929 21:41:01 InnoDB: The InnoDB memory heap is disabled
140929 21:41:01 InnoDB: Mutexes and rw_locks use Windows interlocked functions
140929 21:41:01 InnoDB: Compressed tables use zlib 1.2.3
140929 21:41:01 InnoDB: Initializing buffer pool, size = 16.0M
140929 21:41:01 InnoDB: Completed initialization of buffer pool
140929 21:41:02 InnoDB: highest supported file format is Barracuda.
140929 21:41:04  InnoDB: Waiting for the background threads to start
140929 21:41:05 InnoDB: 5.5.36 started; log sequence number 6403415
140929 21:41:05 [Note] Server hostname (bind-address): '127.0.0.1'; port: 3306
140929 21:41:05 [Note]   - '127.0.0.1' resolves to '127.0.0.1';
140929 21:41:05 [Note] Server socket created on IP: '127.0.0.1'.
140929 21:41:06 [Note] Event Scheduler: Loaded 0 events
140929 21:41:06 [Note] G:\RudhraTafe\Epworth\Git\core\mysql\bin\mysqld_z.exe: ready for connections.
Version: '5.5.36'  socket: ''  port: 3306  MySQL Community Server (GPL)
140929 22:22:17 [Note] G:\RudhraTafe\Epworth\Git\core\mysql\bin\mysqld_z.exe: Normal shutdown

140929 22:22:17 [Note] Event Scheduler: Purging the queue. 0 events
140929 22:22:17  InnoDB: Starting shutdown...
140929 22:22:18  InnoDB: Shutdown completed; log sequence number 6403425
140929 22:22:18 [Note] G:\RudhraTafe\Epworth\Git\core\mysql\bin\mysqld_z.exe: Shutdown complete

140930  9:10:04 [Note] Plugin 'FEDERATED' is disabled.
140930  9:10:04 InnoDB: The InnoDB memory heap is disabled
140930  9:10:04 InnoDB: Mutexes and rw_locks use Windows interlocked functions
140930  9:10:04 InnoDB: Compressed tables use zlib 1.2.3
140930  9:10:04 InnoDB: Initializing buffer pool, size = 16.0M
140930  9:10:04 InnoDB: Completed initialization of buffer pool
140930  9:10:04 InnoDB: highest supported file format is Barracuda.
140930  9:10:05  InnoDB: Waiting for the background threads to start
140930  9:10:06 InnoDB: 5.5.36 started; log sequence number 6403425
140930  9:10:06 [Note] Server hostname (bind-address): '127.0.0.1'; port: 3306
140930  9:10:06 [Note]   - '127.0.0.1' resolves to '127.0.0.1';
140930  9:10:06 [Note] Server socket created on IP: '127.0.0.1'.
140930  9:10:08 [Note] Event Scheduler: Loaded 0 events
140930  9:10:08 [Note] G:\RudhraTafe\Epworth\Git\core\mysql\bin\mysqld_z.exe: ready for connections.
Version: '5.5.36'  socket: ''  port: 3306  MySQL Community Server (GPL)
140930 10:37:08 [Note] G:\RudhraTafe\Epworth\Git\core\mysql\bin\mysqld_z.exe: Normal shutdown

140930 10:37:08 [Note] Event Scheduler: Purging the queue. 0 events
140930 10:37:08  InnoDB: Starting shutdown...
140930 10:37:09  InnoDB: Shutdown completed; log sequence number 6406367
140930 10:37:09 [Note] G:\RudhraTafe\Epworth\Git\core\mysql\bin\mysqld_z.exe: Shutdown complete

140930 11:05:40 [Note] Plugin 'FEDERATED' is disabled.
140930 11:05:40 InnoDB: The InnoDB memory heap is disabled
140930 11:05:40 InnoDB: Mutexes and rw_locks use Windows interlocked functions
140930 11:05:40 InnoDB: Compressed tables use zlib 1.2.3
140930 11:05:40 InnoDB: Initializing buffer pool, size = 16.0M
140930 11:05:40 InnoDB: Completed initialization of buffer pool
140930 11:05:40 InnoDB: highest supported file format is Barracuda.
140930 11:05:43  InnoDB: Waiting for the background threads to start
140930 11:05:44 InnoDB: 5.5.36 started; log sequence number 6406367
140930 11:05:44 [Note] Server hostname (bind-address): '127.0.0.1'; port: 3306
140930 11:05:44 [Note]   - '127.0.0.1' resolves to '127.0.0.1';
140930 11:05:44 [Note] Server socket created on IP: '127.0.0.1'.
140930 11:05:45 [Note] Event Scheduler: Loaded 0 events
140930 11:05:45 [Note] G:\RudhraTafe\Epworth\Git\core\mysql\bin\mysqld_z.exe: ready for connections.
Version: '5.5.36'  socket: ''  port: 3306  MySQL Community Server (GPL)
140930 16:44:36 [Note] G:\RudhraTafe\Epworth\Git\core\mysql\bin\mysqld_z.exe: Normal shutdown

140930 16:44:36 [Note] Event Scheduler: Purging the queue. 0 events
140930 16:44:36  InnoDB: Starting shutdown...
140930 16:44:38  InnoDB: Shutdown completed; log sequence number 6406377
140930 16:44:38 [Note] G:\RudhraTafe\Epworth\Git\core\mysql\bin\mysqld_z.exe: Shutdown complete

140930 16:44:42 [Note] Plugin 'FEDERATED' is disabled.
140930 16:44:42 InnoDB: The InnoDB memory heap is disabled
140930 16:44:42 InnoDB: Mutexes and rw_locks use Windows interlocked functions
140930 16:44:42 InnoDB: Compressed tables use zlib 1.2.3
140930 16:44:42 InnoDB: Initializing buffer pool, size = 16.0M
140930 16:44:42 InnoDB: Completed initialization of buffer pool
140930 16:44:43 InnoDB: highest supported file format is Barracuda.
140930 16:44:44  InnoDB: Waiting for the background threads to start
140930 16:44:45 InnoDB: 5.5.36 started; log sequence number 6406377
140930 16:44:45 [Note] Server hostname (bind-address): '127.0.0.1'; port: 3306
140930 16:44:45 [Note]   - '127.0.0.1' resolves to '127.0.0.1';
140930 16:44:45 [Note] Server socket created on IP: '127.0.0.1'.
140930 16:44:45 [Note] Event Scheduler: Loaded 0 events
140930 16:44:45 [Note] G:\RudhraTafe\Epworth\Git\core\mysql\bin\mysqld_z.exe: ready for connections.
Version: '5.5.36'  socket: ''  port: 3306  MySQL Community Server (GPL)
140930 17:47:27 [Note] G:\RudhraTafe\Epworth\Git\core\mysql\bin\mysqld_z.exe: Normal shutdown

140930 17:47:27 [Note] Event Scheduler: Purging the queue. 0 events
140930 17:47:27  InnoDB: Starting shutdown...
140930 17:47:27  InnoDB: Shutdown completed; log sequence number 6409585
140930 17:47:27 [Note] G:\RudhraTafe\Epworth\Git\core\mysql\bin\mysqld_z.exe: Shutdown complete

140930 17:53:33 [Note] Plugin 'FEDERATED' is disabled.
140930 17:53:34 InnoDB: The InnoDB memory heap is disabled
140930 17:53:34 InnoDB: Mutexes and rw_locks use Windows interlocked functions
140930 17:53:34 InnoDB: Compressed tables use zlib 1.2.3
140930 17:53:34 InnoDB: Initializing buffer pool, size = 16.0M
140930 17:53:34 InnoDB: Completed initialization of buffer pool
140930 17:53:34 InnoDB: highest supported file format is Barracuda.
140930 17:53:36  InnoDB: Waiting for the background threads to start
140930 17:53:37 InnoDB: 5.5.36 started; log sequence number 6409585
140930 17:53:37 [Note] Server hostname (bind-address): '127.0.0.1'; port: 3306
140930 17:53:37 [Note]   - '127.0.0.1' resolves to '127.0.0.1';
140930 17:53:37 [Note] Server socket created on IP: '127.0.0.1'.
140930 17:53:38 [Note] Event Scheduler: Loaded 0 events
140930 17:53:38 [Note] G:\RudhraTafe\Epworth\Git\core\mysql\bin\mysqld_z.exe: ready for connections.
Version: '5.5.36'  socket: ''  port: 3306  MySQL Community Server (GPL)
140930 20:43:28 [Note] G:\RudhraTafe\Epworth\Git\core\mysql\bin\mysqld_z.exe: Normal shutdown

140930 20:43:28 [Note] Event Scheduler: Purging the queue. 0 events
140930 20:43:28  InnoDB: Starting shutdown...
140930 20:43:30  InnoDB: Shutdown completed; log sequence number 6411203
140930 20:43:30 [Note] G:\RudhraTafe\Epworth\Git\core\mysql\bin\mysqld_z.exe: Shutdown complete

140930 22:35:46 [Note] Plugin 'FEDERATED' is disabled.
140930 22:35:46 InnoDB: The InnoDB memory heap is disabled
140930 22:35:46 InnoDB: Mutexes and rw_locks use Windows interlocked functions
140930 22:35:46 InnoDB: Compressed tables use zlib 1.2.3
140930 22:35:46 InnoDB: Initializing buffer pool, size = 16.0M
140930 22:35:46 InnoDB: Completed initialization of buffer pool
140930 22:35:46 InnoDB: highest supported file format is Barracuda.
140930 22:35:48  InnoDB: Waiting for the background threads to start
140930 22:35:49 InnoDB: 5.5.36 started; log sequence number 6411203
140930 22:35:49 [Note] Server hostname (bind-address): '127.0.0.1'; port: 3306
140930 22:35:49 [Note]   - '127.0.0.1' resolves to '127.0.0.1';
140930 22:35:49 [Note] Server socket created on IP: '127.0.0.1'.
140930 22:35:50 [Note] Event Scheduler: Loaded 0 events
140930 22:35:50 [Note] G:\RudhraTafe\Epworth\Git\core\mysql\bin\mysqld_z.exe: ready for connections.
Version: '5.5.36'  socket: ''  port: 3306  MySQL Community Server (GPL)
141001  0:16:08 [Note] G:\RudhraTafe\Epworth\Git\core\mysql\bin\mysqld_z.exe: Normal shutdown

141001  0:16:08 [Note] Event Scheduler: Purging the queue. 0 events
141001  0:16:08  InnoDB: Starting shutdown...
141001  0:16:09  InnoDB: Shutdown completed; log sequence number 6415488
141001  0:16:09 [Note] G:\RudhraTafe\Epworth\Git\core\mysql\bin\mysqld_z.exe: Shutdown complete

141001 17:15:59 [Note] Plugin 'FEDERATED' is disabled.
141001 17:15:59 InnoDB: The InnoDB memory heap is disabled
141001 17:15:59 InnoDB: Mutexes and rw_locks use Windows interlocked functions
141001 17:15:59 InnoDB: Compressed tables use zlib 1.2.3
141001 17:15:59 InnoDB: Initializing buffer pool, size = 16.0M
141001 17:15:59 InnoDB: Completed initialization of buffer pool
141001 17:16:00 InnoDB: highest supported file format is Barracuda.
141001 17:16:03  InnoDB: Waiting for the background threads to start
141001 17:16:04 InnoDB: 5.5.36 started; log sequence number 6415488
141001 17:16:04 [Note] Server hostname (bind-address): '127.0.0.1'; port: 3306
141001 17:16:04 [Note]   - '127.0.0.1' resolves to '127.0.0.1';
141001 17:16:04 [Note] Server socket created on IP: '127.0.0.1'.
141001 17:16:06 [Note] Event Scheduler: Loaded 0 events
141001 17:16:06 [Note] G:\RudhraTafe\Epworth\Git\core\mysql\bin\mysqld_z.exe: ready for connections.
Version: '5.5.36'  socket: ''  port: 3306  MySQL Community Server (GPL)
141001 22:03:44 [Note] G:\RudhraTafe\Epworth\Git\core\mysql\bin\mysqld_z.exe: Normal shutdown

141001 22:03:44 [Note] Event Scheduler: Purging the queue. 0 events
141001 22:03:44  InnoDB: Starting shutdown...
141001 22:03:44  InnoDB: Shutdown completed; log sequence number 6415498
141001 22:03:44 [Note] G:\RudhraTafe\Epworth\Git\core\mysql\bin\mysqld_z.exe: Shutdown complete

141003 11:54:27 [Note] Plugin 'FEDERATED' is disabled.
141003 11:54:27 InnoDB: The InnoDB memory heap is disabled
141003 11:54:27 InnoDB: Mutexes and rw_locks use Windows interlocked functions
141003 11:54:27 InnoDB: Compressed tables use zlib 1.2.3
141003 11:54:27 InnoDB: Initializing buffer pool, size = 16.0M
141003 11:54:27 InnoDB: Completed initialization of buffer pool
141003 11:54:27 InnoDB: highest supported file format is Barracuda.
141003 11:54:30  InnoDB: Waiting for the background threads to start
141003 11:54:31 InnoDB: 5.5.36 started; log sequence number 6415498
141003 11:54:31 [Note] Server hostname (bind-address): '127.0.0.1'; port: 3306
141003 11:54:31 [Note]   - '127.0.0.1' resolves to '127.0.0.1';
141003 11:54:31 [Note] Server socket created on IP: '127.0.0.1'.
141003 11:54:32 [Note] Event Scheduler: Loaded 0 events
141003 11:54:32 [Note] G:\RudhraTafe\Epworth\Git\core\mysql\bin\mysqld_z.exe: ready for connections.
Version: '5.5.36'  socket: ''  port: 3306  MySQL Community Server (GPL)
141003 12:36:44 [Note] G:\RudhraTafe\Epworth\Git\core\mysql\bin\mysqld_z.exe: Normal shutdown

141003 12:36:44 [Note] Event Scheduler: Purging the queue. 0 events
141003 12:36:44  InnoDB: Starting shutdown...
141003 12:36:44  InnoDB: Shutdown completed; log sequence number 6415710
141003 12:36:44 [Note] G:\RudhraTafe\Epworth\Git\core\mysql\bin\mysqld_z.exe: Shutdown complete

141003 13:28:24 [Note] Plugin 'FEDERATED' is disabled.
141003 13:28:24 InnoDB: The InnoDB memory heap is disabled
141003 13:28:24 InnoDB: Mutexes and rw_locks use Windows interlocked functions
141003 13:28:24 InnoDB: Compressed tables use zlib 1.2.3
141003 13:28:24 InnoDB: Initializing buffer pool, size = 16.0M
141003 13:28:24 InnoDB: Completed initialization of buffer pool
141003 13:28:24 InnoDB: highest supported file format is Barracuda.
141003 13:28:25  InnoDB: Waiting for the background threads to start
141003 13:28:26 InnoDB: 5.5.36 started; log sequence number 6415710
141003 13:28:26 [Note] Server hostname (bind-address): '127.0.0.1'; port: 3306
141003 13:28:26 [Note]   - '127.0.0.1' resolves to '127.0.0.1';
141003 13:28:26 [Note] Server socket created on IP: '127.0.0.1'.
141003 13:28:26 [Note] Event Scheduler: Loaded 0 events
141003 13:28:26 [Note] G:\RudhraTafe\Epworth\Git\core\mysql\bin\mysqld_z.exe: ready for connections.
Version: '5.5.36'  socket: ''  port: 3306  MySQL Community Server (GPL)
141003 17:19:22 [Note] G:\RudhraTafe\Epworth\Git\core\mysql\bin\mysqld_z.exe: Normal shutdown

141003 17:19:22 [Note] Event Scheduler: Purging the queue. 0 events
141003 17:19:22  InnoDB: Starting shutdown...
141003 17:19:23  InnoDB: Shutdown completed; log sequence number 6415720
141003 17:19:23 [Note] G:\RudhraTafe\Epworth\Git\core\mysql\bin\mysqld_z.exe: Shutdown complete

141005 15:52:21 [Note] Plugin 'FEDERATED' is disabled.
141005 15:52:21 InnoDB: The InnoDB memory heap is disabled
141005 15:52:21 InnoDB: Mutexes and rw_locks use Windows interlocked functions
141005 15:52:21 InnoDB: Compressed tables use zlib 1.2.3
141005 15:52:21 InnoDB: Initializing buffer pool, size = 16.0M
141005 15:52:21 InnoDB: Completed initialization of buffer pool
141005 15:52:22 InnoDB: highest supported file format is Barracuda.
141005 15:52:23  InnoDB: Waiting for the background threads to start
141005 15:52:24 InnoDB: 5.5.36 started; log sequence number 6415720
141005 15:52:24 [Note] Server hostname (bind-address): '127.0.0.1'; port: 3306
141005 15:52:24 [Note]   - '127.0.0.1' resolves to '127.0.0.1';
141005 15:52:24 [Note] Server socket created on IP: '127.0.0.1'.
141005 15:52:24 [Note] Event Scheduler: Loaded 0 events
141005 15:52:24 [Note] G:\RudhraTafe\Epworth\Git\core\mysql\bin\mysqld_z.exe: ready for connections.
Version: '5.5.36'  socket: ''  port: 3306  MySQL Community Server (GPL)
141005 16:13:16 [Note] G:\RudhraTafe\Epworth\Git\core\mysql\bin\mysqld_z.exe: Normal shutdown

141005 16:13:16 [Note] Event Scheduler: Purging the queue. 0 events
141005 16:13:16  InnoDB: Starting shutdown...
141005 16:13:17  InnoDB: Shutdown completed; log sequence number 6415730
141005 16:13:18 [Note] G:\RudhraTafe\Epworth\Git\core\mysql\bin\mysqld_z.exe: Shutdown complete

141006  9:29:29 [Note] Plugin 'FEDERATED' is disabled.
141006  9:29:29 InnoDB: The InnoDB memory heap is disabled
141006  9:29:29 InnoDB: Mutexes and rw_locks use Windows interlocked functions
141006  9:29:29 InnoDB: Compressed tables use zlib 1.2.3
141006  9:29:29 InnoDB: Initializing buffer pool, size = 16.0M
141006  9:29:29 InnoDB: Completed initialization of buffer pool
141006  9:29:29 InnoDB: highest supported file format is Barracuda.
141006  9:29:32  InnoDB: Waiting for the background threads to start
141006  9:29:33 InnoDB: 5.5.36 started; log sequence number 6415730
141006  9:29:33 [Note] Server hostname (bind-address): '127.0.0.1'; port: 3306
141006  9:29:33 [Note]   - '127.0.0.1' resolves to '127.0.0.1';
141006  9:29:33 [Note] Server socket created on IP: '127.0.0.1'.
141006  9:29:35 [Note] Event Scheduler: Loaded 0 events
141006  9:29:35 [Note] G:\RudhraTafe\Epworth\Git\core\mysql\bin\mysqld_z.exe: ready for connections.
Version: '5.5.36'  socket: ''  port: 3306  MySQL Community Server (GPL)
141006  9:45:59 [Note] G:\RudhraTafe\Epworth\Git\core\mysql\bin\mysqld_z.exe: Normal shutdown

141006  9:45:59 [Note] Event Scheduler: Purging the queue. 0 events
141006  9:45:59  InnoDB: Starting shutdown...
141006  9:46:01  InnoDB: Shutdown completed; log sequence number 6415740
141006  9:46:01 [Note] G:\RudhraTafe\Epworth\Git\core\mysql\bin\mysqld_z.exe: Shutdown complete

141006 11:17:06 [Note] Plugin 'FEDERATED' is disabled.
141006 11:17:06 InnoDB: The InnoDB memory heap is disabled
141006 11:17:06 InnoDB: Mutexes and rw_locks use Windows interlocked functions
141006 11:17:06 InnoDB: Compressed tables use zlib 1.2.3
141006 11:17:06 InnoDB: Initializing buffer pool, size = 16.0M
141006 11:17:06 InnoDB: Completed initialization of buffer pool
141006 11:17:06 InnoDB: highest supported file format is Barracuda.
141006 11:17:07  InnoDB: Waiting for the background threads to start
141006 11:17:08 InnoDB: 5.5.36 started; log sequence number 6415740
141006 11:17:08 [Note] Server hostname (bind-address): '127.0.0.1'; port: 3306
141006 11:17:08 [Note]   - '127.0.0.1' resolves to '127.0.0.1';
141006 11:17:08 [Note] Server socket created on IP: '127.0.0.1'.
141006 11:17:09 [Note] Event Scheduler: Loaded 0 events
141006 11:17:09 [Note] G:\RudhraTafe\Epworth\Git\core\mysql\bin\mysqld_z.exe: ready for connections.
Version: '5.5.36'  socket: ''  port: 3306  MySQL Community Server (GPL)
141006 12:57:14 [Note] G:\RudhraTafe\Epworth\Git\core\mysql\bin\mysqld_z.exe: Normal shutdown

141006 12:57:14 [Note] Event Scheduler: Purging the queue. 0 events
141006 12:57:14  InnoDB: Starting shutdown...
141006 12:57:14  InnoDB: Shutdown completed; log sequence number 6415750
141006 12:57:15 [Note] G:\RudhraTafe\Epworth\Git\core\mysql\bin\mysqld_z.exe: Shutdown complete

141008 13:27:34 [Note] Plugin 'FEDERATED' is disabled.
141008 13:27:35 InnoDB: The InnoDB memory heap is disabled
141008 13:27:35 InnoDB: Mutexes and rw_locks use Windows interlocked functions
141008 13:27:35 InnoDB: Compressed tables use zlib 1.2.3
141008 13:27:35 InnoDB: Initializing buffer pool, size = 16.0M
141008 13:27:35 InnoDB: Completed initialization of buffer pool
141008 13:27:35 InnoDB: highest supported file format is Barracuda.
141008 13:27:38  InnoDB: Waiting for the background threads to start
141008 13:27:39 InnoDB: 5.5.36 started; log sequence number 6415750
141008 13:27:39 [Note] Server hostname (bind-address): '127.0.0.1'; port: 3306
141008 13:27:39 [Note]   - '127.0.0.1' resolves to '127.0.0.1';
141008 13:27:39 [Note] Server socket created on IP: '127.0.0.1'.
141008 13:27:41 [Note] Event Scheduler: Loaded 0 events
141008 13:27:41 [Note] G:\RudhraTafe\Epworth\Git\core\mysql\bin\mysqld_z.exe: ready for connections.
Version: '5.5.36'  socket: ''  port: 3306  MySQL Community Server (GPL)
141008 16:57:13 [Note] G:\RudhraTafe\Epworth\Git\core\mysql\bin\mysqld_z.exe: Normal shutdown

141008 16:57:13 [Note] Event Scheduler: Purging the queue. 0 events
141008 16:57:13  InnoDB: Starting shutdown...
141008 16:57:13  InnoDB: Shutdown completed; log sequence number 6420707
141008 16:57:13 [Note] G:\RudhraTafe\Epworth\Git\core\mysql\bin\mysqld_z.exe: Shutdown complete

141009 18:10:21 [Note] Plugin 'FEDERATED' is disabled.
141009 18:10:21 InnoDB: The InnoDB memory heap is disabled
141009 18:10:21 InnoDB: Mutexes and rw_locks use Windows interlocked functions
141009 18:10:21 InnoDB: Compressed tables use zlib 1.2.3
141009 18:10:21 InnoDB: Initializing buffer pool, size = 16.0M
141009 18:10:21 InnoDB: Completed initialization of buffer pool
141009 18:10:21 InnoDB: highest supported file format is Barracuda.
141009 18:10:22  InnoDB: Waiting for the background threads to start
141009 18:10:23 InnoDB: 5.5.36 started; log sequence number 6420707
141009 18:10:23 [Note] Server hostname (bind-address): '127.0.0.1'; port: 3306
141009 18:10:23 [Note]   - '127.0.0.1' resolves to '127.0.0.1';
141009 18:10:23 [Note] Server socket created on IP: '127.0.0.1'.
141009 18:10:24 [Note] Event Scheduler: Loaded 0 events
141009 18:10:24 [Note] G:\RudhraTafe\Epworth\Git\core\mysql\bin\mysqld_z.exe: ready for connections.
Version: '5.5.36'  socket: ''  port: 3306  MySQL Community Server (GPL)
141013 10:21:44 [Note] Plugin 'FEDERATED' is disabled.
141013 10:21:44 InnoDB: The InnoDB memory heap is disabled
141013 10:21:44 InnoDB: Mutexes and rw_locks use Windows interlocked functions
141013 10:21:44 InnoDB: Compressed tables use zlib 1.2.3
141013 10:21:44 InnoDB: Initializing buffer pool, size = 16.0M
141013 10:21:44 InnoDB: Completed initialization of buffer pool
141013 10:21:44 InnoDB: highest supported file format is Barracuda.
InnoDB: The log sequence number in ibdata files does not match
InnoDB: the log sequence number in the ib_logfiles!
141013 10:21:44  InnoDB: Database was not shut down normally!
InnoDB: Starting crash recovery.
InnoDB: Reading tablespace information from the .ibd files...
InnoDB: Restoring possible half-written data pages from the doublewrite
InnoDB: buffer...
141013 10:21:48  InnoDB: Waiting for the background threads to start
141013 10:21:49 InnoDB: 5.5.36 started; log sequence number 6454154
141013 10:21:49 [Note] Server hostname (bind-address): '127.0.0.1'; port: 3306
141013 10:21:49 [Note]   - '127.0.0.1' resolves to '127.0.0.1';
141013 10:21:49 [Note] Server socket created on IP: '127.0.0.1'.
141013 10:21:51 [Note] Event Scheduler: Loaded 0 events
141013 10:21:51 [Note] G:\RudhraTafe\Epworth\Git\core\mysql\bin\mysqld_z.exe: ready for connections.
Version: '5.5.36'  socket: ''  port: 3306  MySQL Community Server (GPL)
141013 12:36:12 [Note] G:\RudhraTafe\Epworth\Git\core\mysql\bin\mysqld_z.exe: Normal shutdown

141013 12:36:12 [Note] Event Scheduler: Purging the queue. 0 events
141013 12:36:12  InnoDB: Starting shutdown...
141013 12:36:14  InnoDB: Shutdown completed; log sequence number 6454602
141013 12:36:14 [Note] G:\RudhraTafe\Epworth\Git\core\mysql\bin\mysqld_z.exe: Shutdown complete

141017 22:10:42 [Note] Plugin 'FEDERATED' is disabled.
141017 22:10:42 InnoDB: The InnoDB memory heap is disabled
141017 22:10:42 InnoDB: Mutexes and rw_locks use Windows interlocked functions
141017 22:10:42 InnoDB: Compressed tables use zlib 1.2.3
141017 22:10:42 InnoDB: Initializing buffer pool, size = 16.0M
141017 22:10:42 InnoDB: Completed initialization of buffer pool
141017 22:10:42 InnoDB: highest supported file format is Barracuda.
141017 22:10:45  InnoDB: Waiting for the background threads to start
141017 22:10:46 InnoDB: 5.5.36 started; log sequence number 6454602
141017 22:10:46 [Note] Server hostname (bind-address): '127.0.0.1'; port: 3306
141017 22:10:46 [Note]   - '127.0.0.1' resolves to '127.0.0.1';
141017 22:10:46 [Note] Server socket created on IP: '127.0.0.1'.
141017 22:10:47 [Note] Event Scheduler: Loaded 0 events
141017 22:10:47 [Note] G:\RudhraTafe\Epworth\Git\core\mysql\bin\mysqld_z.exe: ready for connections.
Version: '5.5.36'  socket: ''  port: 3306  MySQL Community Server (GPL)
141020 10:24:14 [Note] Plugin 'FEDERATED' is disabled.
141020 10:24:14 InnoDB: The InnoDB memory heap is disabled
141020 10:24:14 InnoDB: Mutexes and rw_locks use Windows interlocked functions
141020 10:24:14 InnoDB: Compressed tables use zlib 1.2.3
141020 10:24:14 InnoDB: Initializing buffer pool, size = 16.0M
141020 10:24:14 InnoDB: Completed initialization of buffer pool
141020 10:24:14 InnoDB: highest supported file format is Barracuda.
InnoDB: The log sequence number in ibdata files does not match
InnoDB: the log sequence number in the ib_logfiles!
141020 10:24:14  InnoDB: Database was not shut down normally!
InnoDB: Starting crash recovery.
InnoDB: Reading tablespace information from the .ibd files...
InnoDB: Restoring possible half-written data pages from the doublewrite
InnoDB: buffer...
141020 10:24:16 [Note] Plugin 'FEDERATED' is disabled.
141020 10:24:16 InnoDB: The InnoDB memory heap is disabled
141020 10:24:16 InnoDB: Mutexes and rw_locks use Windows interlocked functions
141020 10:24:16 InnoDB: Compressed tables use zlib 1.2.3
141020 10:24:16 InnoDB: Initializing buffer pool, size = 16.0M
141020 10:24:16 InnoDB: Completed initialization of buffer pool
141020 10:24:16  InnoDB: Operating system error number 32 in a file operation.
InnoDB: The error means that another program is using InnoDB's files.
InnoDB: This might be a backup or antivirus software or another instance
InnoDB: of MySQL. Please close it to get rid of this error.
141020 10:24:17  InnoDB: Waiting for the background threads to start
141020 10:24:18 InnoDB: 5.5.36 started; log sequence number 6454612
141020 10:24:18 [Note] Server hostname (bind-address): '127.0.0.1'; port: 3306
141020 10:24:18 [Note]   - '127.0.0.1' resolves to '127.0.0.1';
141020 10:24:18 [Note] Server socket created on IP: '127.0.0.1'.
141020 10:24:20 [Note] Event Scheduler: Loaded 0 events
141020 10:24:20 [Note] G:\RudhraTafe\Epworth\Git\core\mysql\bin\mysqld_z.exe: ready for connections.
Version: '5.5.36'  socket: ''  port: 3306  MySQL Community Server (GPL)
141020 10:24:26  InnoDB: Operating system error number 32 in a file operation.
InnoDB: The error means that another program is using InnoDB's files.
InnoDB: This might be a backup or antivirus software or another instance
InnoDB: of MySQL. Please close it to get rid of this error.
141020 10:24:28 [Note] Plugin 'FEDERATED' is disabled.
141020 10:24:28 InnoDB: The InnoDB memory heap is disabled
141020 10:24:28 InnoDB: Mutexes and rw_locks use Windows interlocked functions
141020 10:24:28 InnoDB: Compressed tables use zlib 1.2.3
141020 10:24:29 InnoDB: Initializing buffer pool, size = 16.0M
141020 10:24:29 InnoDB: Completed initialization of buffer pool
141020 10:24:29  InnoDB: Operating system error number 32 in a file operation.
InnoDB: The error means that another program is using InnoDB's files.
InnoDB: This might be a backup or antivirus software or another instance
InnoDB: of MySQL. Please close it to get rid of this error.
141020 10:24:36  InnoDB: Operating system error number 32 in a file operation.
InnoDB: The error means that another program is using InnoDB's files.
InnoDB: This might be a backup or antivirus software or another instance
InnoDB: of MySQL. Please close it to get rid of this error.
141020 10:24:39  InnoDB: Operating system error number 32 in a file operation.
InnoDB: The error means that another program is using InnoDB's files.
InnoDB: This might be a backup or antivirus software or another instance
InnoDB: of MySQL. Please close it to get rid of this error.
141020 10:24:46  InnoDB: Operating system error number 32 in a file operation.
InnoDB: The error means that another program is using InnoDB's files.
InnoDB: This might be a backup or antivirus software or another instance
InnoDB: of MySQL. Please close it to get rid of this error.
141020 10:24:49  InnoDB: Operating system error number 32 in a file operation.
InnoDB: The error means that another program is using InnoDB's files.
InnoDB: This might be a backup or antivirus software or another instance
InnoDB: of MySQL. Please close it to get rid of this error.
141020 10:24:56  InnoDB: Operating system error number 32 in a file operation.
InnoDB: The error means that another program is using InnoDB's files.
InnoDB: This might be a backup or antivirus software or another instance
InnoDB: of MySQL. Please close it to get rid of this error.
141020 10:24:59  InnoDB: Operating system error number 32 in a file operation.
InnoDB: The error means that another program is using InnoDB's files.
InnoDB: This might be a backup or antivirus software or another instance
InnoDB: of MySQL. Please close it to get rid of this error.
141020 10:25:06  InnoDB: Operating system error number 32 in a file operation.
InnoDB: The error means that another program is using InnoDB's files.
InnoDB: This might be a backup or antivirus software or another instance
InnoDB: of MySQL. Please close it to get rid of this error.
141020 10:25:09  InnoDB: Operating system error number 32 in a file operation.
InnoDB: The error means that another program is using InnoDB's files.
InnoDB: This might be a backup or antivirus software or another instance
InnoDB: of MySQL. Please close it to get rid of this error.
141020 10:25:16  InnoDB: Operating system error number 32 in a file operation.
InnoDB: The error means that another program is using InnoDB's files.
InnoDB: This might be a backup or antivirus software or another instance
InnoDB: of MySQL. Please close it to get rid of this error.
141020 10:25:19  InnoDB: Operating system error number 32 in a file operation.
InnoDB: The error means that another program is using InnoDB's files.
InnoDB: This might be a backup or antivirus software or another instance
InnoDB: of MySQL. Please close it to get rid of this error.
141020 10:25:26  InnoDB: Operating system error number 32 in a file operation.
InnoDB: The error means that another program is using InnoDB's files.
InnoDB: This might be a backup or antivirus software or another instance
InnoDB: of MySQL. Please close it to get rid of this error.
141020 10:25:29  InnoDB: Operating system error number 32 in a file operation.
InnoDB: The error means that another program is using InnoDB's files.
InnoDB: This might be a backup or antivirus software or another instance
InnoDB: of MySQL. Please close it to get rid of this error.
141020 10:25:36  InnoDB: Operating system error number 32 in a file operation.
InnoDB: The error means that another program is using InnoDB's files.
InnoDB: This might be a backup or antivirus software or another instance
InnoDB: of MySQL. Please close it to get rid of this error.
141020 10:25:39  InnoDB: Operating system error number 32 in a file operation.
InnoDB: The error means that another program is using InnoDB's files.
InnoDB: This might be a backup or antivirus software or another instance
InnoDB: of MySQL. Please close it to get rid of this error.
141020 10:25:46  InnoDB: Operating system error number 32 in a file operation.
InnoDB: The error means that another program is using InnoDB's files.
InnoDB: This might be a backup or antivirus software or another instance
InnoDB: of MySQL. Please close it to get rid of this error.
141020 10:25:49  InnoDB: Operating system error number 32 in a file operation.
InnoDB: The error means that another program is using InnoDB's files.
InnoDB: This might be a backup or antivirus software or another instance
InnoDB: of MySQL. Please close it to get rid of this error.
141020 10:25:56  InnoDB: Operating system error number 32 in a file operation.
InnoDB: The error means that another program is using InnoDB's files.
InnoDB: This might be a backup or antivirus software or another instance
InnoDB: of MySQL. Please close it to get rid of this error.
141020 10:25:59  InnoDB: Operating system error number 32 in a file operation.
InnoDB: The error means that another program is using InnoDB's files.
InnoDB: This might be a backup or antivirus software or another instance
InnoDB: of MySQL. Please close it to get rid of this error.
141020 10:26:06  InnoDB: Operating system error number 32 in a file operation.
InnoDB: The error means that another program is using InnoDB's files.
InnoDB: This might be a backup or antivirus software or another instance
InnoDB: of MySQL. Please close it to get rid of this error.
141020 10:26:09  InnoDB: Operating system error number 32 in a file operation.
InnoDB: The error means that another program is using InnoDB's files.
InnoDB: This might be a backup or antivirus software or another instance
InnoDB: of MySQL. Please close it to get rid of this error.
141020 10:26:16  InnoDB: Operating system error number 32 in a file operation.
InnoDB: The error means that another program is using InnoDB's files.
InnoDB: This might be a backup or antivirus software or another instance
InnoDB: of MySQL. Please close it to get rid of this error.
141020 10:26:19  InnoDB: Operating system error number 32 in a file operation.
InnoDB: The error means that another program is using InnoDB's files.
InnoDB: This might be a backup or antivirus software or another instance
InnoDB: of MySQL. Please close it to get rid of this error.
141020 10:26:26  InnoDB: Operating system error number 32 in a file operation.
InnoDB: The error means that another program is using InnoDB's files.
InnoDB: This might be a backup or antivirus software or another instance
InnoDB: of MySQL. Please close it to get rid of this error.
141020 10:26:29  InnoDB: Operating system error number 32 in a file operation.
InnoDB: The error means that another program is using InnoDB's files.
InnoDB: This might be a backup or antivirus software or another instance
InnoDB: of MySQL. Please close it to get rid of this error.
141020 10:26:33 [Note] Plugin 'FEDERATED' is disabled.
141020 10:26:33 InnoDB: The InnoDB memory heap is disabled
141020 10:26:33 InnoDB: Mutexes and rw_locks use Windows interlocked functions
141020 10:26:33 InnoDB: Compressed tables use zlib 1.2.3
141020 10:26:33 InnoDB: Initializing buffer pool, size = 16.0M
141020 10:26:33 InnoDB: Completed initialization of buffer pool
141020 10:26:33  InnoDB: Operating system error number 32 in a file operation.
InnoDB: The error means that another program is using InnoDB's files.
InnoDB: This might be a backup or antivirus software or another instance
InnoDB: of MySQL. Please close it to get rid of this error.
141020 10:26:36  InnoDB: Operating system error number 32 in a file operation.
InnoDB: The error means that another program is using InnoDB's files.
InnoDB: This might be a backup or antivirus software or another instance
InnoDB: of MySQL. Please close it to get rid of this error.
141020 10:26:39  InnoDB: Operating system error number 32 in a file operation.
InnoDB: The error means that another program is using InnoDB's files.
InnoDB: This might be a backup or antivirus software or another instance
InnoDB: of MySQL. Please close it to get rid of this error.
141020 10:26:43  InnoDB: Operating system error number 32 in a file operation.
InnoDB: The error means that another program is using InnoDB's files.
InnoDB: This might be a backup or antivirus software or another instance
InnoDB: of MySQL. Please close it to get rid of this error.
141020 10:26:46  InnoDB: Operating system error number 32 in a file operation.
InnoDB: The error means that another program is using InnoDB's files.
InnoDB: This might be a backup or antivirus software or another instance
InnoDB: of MySQL. Please close it to get rid of this error.
141020 10:26:49  InnoDB: Operating system error number 32 in a file operation.
InnoDB: The error means that another program is using InnoDB's files.
InnoDB: This might be a backup or antivirus software or another instance
InnoDB: of MySQL. Please close it to get rid of this error.
141020 10:26:53  InnoDB: Operating system error number 32 in a file operation.
InnoDB: The error means that another program is using InnoDB's files.
InnoDB: This might be a backup or antivirus software or another instance
InnoDB: of MySQL. Please close it to get rid of this error.
141020 10:26:56  InnoDB: Operating system error number 32 in a file operation.
InnoDB: The error means that another program is using InnoDB's files.
InnoDB: This might be a backup or antivirus software or another instance
InnoDB: of MySQL. Please close it to get rid of this error.
141020 10:26:59  InnoDB: Operating system error number 32 in a file operation.
InnoDB: The error means that another program is using InnoDB's files.
InnoDB: This might be a backup or antivirus software or another instance
InnoDB: of MySQL. Please close it to get rid of this error.
141020 10:27:03  InnoDB: Operating system error number 32 in a file operation.
InnoDB: The error means that another program is using InnoDB's files.
InnoDB: This might be a backup or antivirus software or another instance
InnoDB: of MySQL. Please close it to get rid of this error.
141020 10:27:06  InnoDB: Operating system error number 32 in a file operation.
InnoDB: The error means that another program is using InnoDB's files.
InnoDB: This might be a backup or antivirus software or another instance
InnoDB: of MySQL. Please close it to get rid of this error.
141020 10:27:09  InnoDB: Operating system error number 32 in a file operation.
InnoDB: The error means that another program is using InnoDB's files.
InnoDB: This might be a backup or antivirus software or another instance
InnoDB: of MySQL. Please close it to get rid of this error.
141020 10:28:34 [Note] Plugin 'FEDERATED' is disabled.
141020 10:28:34 InnoDB: The InnoDB memory heap is disabled
141020 10:28:34 InnoDB: Mutexes and rw_locks use Windows interlocked functions
141020 10:28:34 InnoDB: Compressed tables use zlib 1.2.3
141020 10:28:34 InnoDB: Initializing buffer pool, size = 16.0M
141020 10:28:34 InnoDB: Completed initialization of buffer pool
141020 10:28:35 InnoDB: highest supported file format is Barracuda.
InnoDB: The log sequence number in ibdata files does not match
InnoDB: the log sequence number in the ib_logfiles!
141020 10:28:35  InnoDB: Database was not shut down normally!
InnoDB: Starting crash recovery.
InnoDB: Reading tablespace information from the .ibd files...
InnoDB: Restoring possible half-written data pages from the doublewrite
InnoDB: buffer...
141020 10:28:36  InnoDB: Waiting for the background threads to start
141020 10:28:37 InnoDB: 5.5.36 started; log sequence number 6454612
141020 10:28:37 [Note] Server hostname (bind-address): '127.0.0.1'; port: 3306
141020 10:28:37 [Note]   - '127.0.0.1' resolves to '127.0.0.1';
141020 10:28:37 [Note] Server socket created on IP: '127.0.0.1'.
141020 10:28:39 [Note] Event Scheduler: Loaded 0 events
141020 10:28:39 [Note] G:\RudhraTafe\Epworth\Git\core\mysql\bin\mysqld_z.exe: ready for connections.
Version: '5.5.36'  socket: ''  port: 3306  MySQL Community Server (GPL)
141024 13:20:06 [Note] Plugin 'FEDERATED' is disabled.
141024 13:20:06 InnoDB: The InnoDB memory heap is disabled
141024 13:20:06 InnoDB: Mutexes and rw_locks use Windows interlocked functions
141024 13:20:06 InnoDB: Compressed tables use zlib 1.2.3
141024 13:20:06 InnoDB: Initializing buffer pool, size = 16.0M
141024 13:20:06 InnoDB: Completed initialization of buffer pool
141024 13:20:06 InnoDB: highest supported file format is Barracuda.
InnoDB: The log sequence number in ibdata files does not match
InnoDB: the log sequence number in the ib_logfiles!
141024 13:20:06  InnoDB: Database was not shut down normally!
InnoDB: Starting crash recovery.
InnoDB: Reading tablespace information from the .ibd files...
InnoDB: Restoring possible half-written data pages from the doublewrite
InnoDB: buffer...
141024 13:20:10  InnoDB: Waiting for the background threads to start
141024 13:20:11 InnoDB: 5.5.36 started; log sequence number 6455218
141024 13:20:11 [Note] Server hostname (bind-address): '127.0.0.1'; port: 3306
141024 13:20:11 [Note]   - '127.0.0.1' resolves to '127.0.0.1';
141024 13:20:11 [Note] Server socket created on IP: '127.0.0.1'.
141024 13:20:13 [Note] Event Scheduler: Loaded 0 events
141024 13:20:13 [Note] G:\RudhraTafe\Epworth\Git\core\mysql\bin\mysqld_z.exe: ready for connections.
Version: '5.5.36'  socket: ''  port: 3306  MySQL Community Server (GPL)
141024 17:24:37 [Note] G:\RudhraTafe\Epworth\Git\core\mysql\bin\mysqld_z.exe: Normal shutdown

141024 17:24:37 [Note] Event Scheduler: Purging the queue. 0 events
141024 17:24:37  InnoDB: Starting shutdown...
141024 17:24:38  InnoDB: Shutdown completed; log sequence number 6455228
141024 17:24:38 [Note] G:\RudhraTafe\Epworth\Git\core\mysql\bin\mysqld_z.exe: Shutdown complete

141025 16:59:59 [Note] Plugin 'FEDERATED' is disabled.
141025 16:59:59 InnoDB: The InnoDB memory heap is disabled
141025 16:59:59 InnoDB: Mutexes and rw_locks use Windows interlocked functions
141025 16:59:59 InnoDB: Compressed tables use zlib 1.2.3
141025 16:59:59 InnoDB: Initializing buffer pool, size = 16.0M
141025 16:59:59 InnoDB: Completed initialization of buffer pool
141025 16:59:59 InnoDB: highest supported file format is Barracuda.
141025 17:00:01  InnoDB: Waiting for the background threads to start
141025 17:00:02 InnoDB: 5.5.36 started; log sequence number 6455228
141025 17:00:02 [Note] Server hostname (bind-address): '127.0.0.1'; port: 3306
141025 17:00:02 [Note]   - '127.0.0.1' resolves to '127.0.0.1';
141025 17:00:02 [Note] Server socket created on IP: '127.0.0.1'.
141027 10:16:27 [Note] Plugin 'FEDERATED' is disabled.
141027 10:16:27 InnoDB: The InnoDB memory heap is disabled
141027 10:16:27 InnoDB: Mutexes and rw_locks use Windows interlocked functions
141027 10:16:27 InnoDB: Compressed tables use zlib 1.2.3
141027 10:16:27 InnoDB: Initializing buffer pool, size = 16.0M
141027 10:16:27 InnoDB: Completed initialization of buffer pool
141027 10:16:27 InnoDB: highest supported file format is Barracuda.
InnoDB: The log sequence number in ibdata files does not match
InnoDB: the log sequence number in the ib_logfiles!
141027 10:16:27  InnoDB: Database was not shut down normally!
InnoDB: Starting crash recovery.
InnoDB: Reading tablespace information from the .ibd files...
InnoDB: Restoring possible half-written data pages from the doublewrite
InnoDB: buffer...
141027 10:16:31  InnoDB: Waiting for the background threads to start
141027 10:16:32 InnoDB: 5.5.36 started; log sequence number 6455238
141027 10:16:32 [Note] Server hostname (bind-address): '127.0.0.1'; port: 3306
141027 10:16:32 [Note]   - '127.0.0.1' resolves to '127.0.0.1';
141027 10:16:32 [Note] Server socket created on IP: '127.0.0.1'.
141027 10:16:34 [Note] Event Scheduler: Loaded 0 events
141027 10:16:34 [Note] G:\RudhraTafe\Epworth\Git\core\mysql\bin\mysqld_z.exe: ready for connections.
Version: '5.5.36'  socket: ''  port: 3306  MySQL Community Server (GPL)
141104 15:31:26 [Note] Plugin 'FEDERATED' is disabled.
141104 15:31:26 InnoDB: The InnoDB memory heap is disabled
141104 15:31:26 InnoDB: Mutexes and rw_locks use Windows interlocked functions
141104 15:31:26 InnoDB: Compressed tables use zlib 1.2.3
141104 15:31:27 InnoDB: Initializing buffer pool, size = 16.0M
141104 15:31:27 InnoDB: Completed initialization of buffer pool
141104 15:31:27 InnoDB: highest supported file format is Barracuda.
InnoDB: The log sequence number in ibdata files does not match
InnoDB: the log sequence number in the ib_logfiles!
141104 15:31:27  InnoDB: Database was not shut down normally!
InnoDB: Starting crash recovery.
InnoDB: Reading tablespace information from the .ibd files...
InnoDB: Restoring possible half-written data pages from the doublewrite
InnoDB: buffer...
141104 15:31:28  InnoDB: Waiting for the background threads to start
141104 15:31:29 InnoDB: 5.5.36 started; log sequence number 6456292
141104 15:31:29 [Note] Server hostname (bind-address): '127.0.0.1'; port: 3306
141104 15:31:29 [Note]   - '127.0.0.1' resolves to '127.0.0.1';
141104 15:31:29 [Note] Server socket created on IP: '127.0.0.1'.
141104 15:31:29 [Note] Event Scheduler: Loaded 0 events
141104 15:31:29 [Note] G:\RudhraTafe\Epworth\Git\core\mysql\bin\mysqld_z.exe: ready for connections.
Version: '5.5.36'  socket: ''  port: 3306  MySQL Community Server (GPL)
141104 15:33:32 [Note] G:\RudhraTafe\Epworth\Git\core\mysql\bin\mysqld_z.exe: Normal shutdown

141104 15:33:32 [Note] Event Scheduler: Purging the queue. 0 events
141104 15:33:32  InnoDB: Starting shutdown...
141104 15:33:33  InnoDB: Shutdown completed; log sequence number 6456292
141104 15:33:34 [Note] G:\RudhraTafe\Epworth\Git\core\mysql\bin\mysqld_z.exe: Shutdown complete

141104 15:33:38 [Note] Plugin 'FEDERATED' is disabled.
141104 15:33:38 InnoDB: The InnoDB memory heap is disabled
141104 15:33:38 InnoDB: Mutexes and rw_locks use Windows interlocked functions
141104 15:33:38 InnoDB: Compressed tables use zlib 1.2.3
141104 15:33:38 InnoDB: Initializing buffer pool, size = 16.0M
141104 15:33:38 InnoDB: Completed initialization of buffer pool
141104 15:33:38 InnoDB: highest supported file format is Barracuda.
141104 15:33:40  InnoDB: Waiting for the background threads to start
141104 15:33:41 InnoDB: 5.5.36 started; log sequence number 6456292
141104 15:33:41 [Note] Server hostname (bind-address): '127.0.0.1'; port: 3306
141104 15:33:41 [Note]   - '127.0.0.1' resolves to '127.0.0.1';
141104 15:33:41 [Note] Server socket created on IP: '127.0.0.1'.
141104 15:33:41 [Note] Event Scheduler: Loaded 0 events
141104 15:33:41 [Note] G:\RudhraTafe\Epworth\Git\core\mysql\bin\mysqld_z.exe: ready for connections.
Version: '5.5.36'  socket: ''  port: 3306  MySQL Community Server (GPL)
141104 15:34:45 [Note] G:\RudhraTafe\Epworth\Git\core\mysql\bin\mysqld_z.exe: Normal shutdown

141104 15:34:45 [Note] Event Scheduler: Purging the queue. 0 events
141104 15:34:45  InnoDB: Starting shutdown...
141104 15:34:47  InnoDB: Shutdown completed; log sequence number 6456302
141104 15:34:47 [Note] G:\RudhraTafe\Epworth\Git\core\mysql\bin\mysqld_z.exe: Shutdown complete

141104 15:34:47 [Note] Plugin 'FEDERATED' is disabled.
141104 15:34:47 InnoDB: The InnoDB memory heap is disabled
141104 15:34:47 InnoDB: Mutexes and rw_locks use Windows interlocked functions
141104 15:34:47 InnoDB: Compressed tables use zlib 1.2.3
141104 15:34:47 InnoDB: Initializing buffer pool, size = 16.0M
141104 15:34:47 InnoDB: Completed initialization of buffer pool
141104 15:34:47 InnoDB: highest supported file format is Barracuda.
141104 15:34:48  InnoDB: Waiting for the background threads to start
141104 15:34:49 InnoDB: 5.5.36 started; log sequence number 6456302
141104 15:34:49 [Note] Server hostname (bind-address): '127.0.0.1'; port: 3306
141104 15:34:49 [Note]   - '127.0.0.1' resolves to '127.0.0.1';
141104 15:34:49 [Note] Server socket created on IP: '127.0.0.1'.
141104 15:34:50 [Note] Event Scheduler: Loaded 0 events
141104 15:34:50 [Note] G:\RudhraTafe\Epworth\Git\core\mysql\bin\mysqld_z.exe: ready for connections.
Version: '5.5.36'  socket: ''  port: 3306  MySQL Community Server (GPL)
141104 15:34:57 [Note] G:\RudhraTafe\Epworth\Git\core\mysql\bin\mysqld_z.exe: Normal shutdown

141104 15:34:57 [Note] Event Scheduler: Purging the queue. 0 events
141104 15:34:57  InnoDB: Starting shutdown...
141104 15:34:58  InnoDB: Shutdown completed; log sequence number 6456302
141104 15:34:58 [Note] G:\RudhraTafe\Epworth\Git\core\mysql\bin\mysqld_z.exe: Shutdown complete

141104 15:36:42 [Note] Plugin 'FEDERATED' is disabled.
141104 15:36:42 InnoDB: The InnoDB memory heap is disabled
141104 15:36:42 InnoDB: Mutexes and rw_locks use Windows interlocked functions
141104 15:36:42 InnoDB: Compressed tables use zlib 1.2.3
141104 15:36:42 InnoDB: Initializing buffer pool, size = 16.0M
141104 15:36:42 InnoDB: Completed initialization of buffer pool
141104 15:36:42 InnoDB: highest supported file format is Barracuda.
141104 15:36:43  InnoDB: Waiting for the background threads to start
141104 15:36:44 InnoDB: 5.5.36 started; log sequence number 6456302
141104 15:36:44 [Note] Server hostname (bind-address): '127.0.0.1'; port: 3306
141104 15:36:44 [Note]   - '127.0.0.1' resolves to '127.0.0.1';
141104 15:36:44 [Note] Server socket created on IP: '127.0.0.1'.
141104 15:36:45 [Note] Event Scheduler: Loaded 0 events
141104 15:36:45 [Note] G:\RudhraTafe\Epworth\Git\core\mysql\bin\mysqld_z.exe: ready for connections.
Version: '5.5.36'  socket: ''  port: 3306  MySQL Community Server (GPL)
141104 15:38:35 [Note] G:\RudhraTafe\Epworth\Git\core\mysql\bin\mysqld_z.exe: Normal shutdown

141104 15:38:35 [Note] Event Scheduler: Purging the queue. 0 events
141104 15:38:35  InnoDB: Starting shutdown...
141104 15:38:35  InnoDB: Shutdown completed; log sequence number 6456302
141104 15:38:35 [Note] G:\RudhraTafe\Epworth\Git\core\mysql\bin\mysqld_z.exe: Shutdown complete

141104 15:38:39 [Note] Plugin 'FEDERATED' is disabled.
141104 15:38:39 InnoDB: The InnoDB memory heap is disabled
141104 15:38:39 InnoDB: Mutexes and rw_locks use Windows interlocked functions
141104 15:38:39 InnoDB: Compressed tables use zlib 1.2.3
141104 15:38:39 InnoDB: Initializing buffer pool, size = 16.0M
141104 15:38:39 InnoDB: Completed initialization of buffer pool
141104 15:38:39 InnoDB: highest supported file format is Barracuda.
141104 15:38:40  InnoDB: Waiting for the background threads to start
141104 15:38:41 InnoDB: 5.5.36 started; log sequence number 6456302
141104 15:38:41 [Note] Server hostname (bind-address): '127.0.0.1'; port: 3306
141104 15:38:41 [Note]   - '127.0.0.1' resolves to '127.0.0.1';
141104 15:38:41 [Note] Server socket created on IP: '127.0.0.1'.
141104 15:38:41 [Note] Event Scheduler: Loaded 0 events
141104 15:38:41 [Note] G:\RudhraTafe\Epworth\Git\core\mysql\bin\mysqld_z.exe: ready for connections.
Version: '5.5.36'  socket: ''  port: 3306  MySQL Community Server (GPL)
141104 15:41:30 [Note] G:\RudhraTafe\Epworth\Git\core\mysql\bin\mysqld_z.exe: Normal shutdown

141104 15:41:30 [Note] Event Scheduler: Purging the queue. 0 events
141104 15:41:30  InnoDB: Starting shutdown...
141104 15:41:32  InnoDB: Shutdown completed; log sequence number 6456312
141104 15:41:32 [Note] G:\RudhraTafe\Epworth\Git\core\mysql\bin\mysqld_z.exe: Shutdown complete

141104 15:41:36 [Note] Plugin 'FEDERATED' is disabled.
141104 15:41:36 InnoDB: The InnoDB memory heap is disabled
141104 15:41:36 InnoDB: Mutexes and rw_locks use Windows interlocked functions
141104 15:41:36 InnoDB: Compressed tables use zlib 1.2.3
141104 15:41:36 InnoDB: Initializing buffer pool, size = 16.0M
141104 15:41:36 InnoDB: Completed initialization of buffer pool
141104 15:41:36 InnoDB: highest supported file format is Barracuda.
141104 15:41:37  InnoDB: Waiting for the background threads to start
141104 15:41:38 InnoDB: 5.5.36 started; log sequence number 6456312
141104 15:41:38 [Note] Server hostname (bind-address): '127.0.0.1'; port: 3306
141104 15:41:38 [Note]   - '127.0.0.1' resolves to '127.0.0.1';
141104 15:41:38 [Note] Server socket created on IP: '127.0.0.1'.
141104 15:41:38 [Note] Event Scheduler: Loaded 0 events
141104 15:41:38 [Note] G:\RudhraTafe\Epworth\Git\core\mysql\bin\mysqld_z.exe: ready for connections.
Version: '5.5.36'  socket: ''  port: 3306  MySQL Community Server (GPL)
141104 15:44:29 [Note] G:\RudhraTafe\Epworth\Git\core\mysql\bin\mysqld_z.exe: Normal shutdown

141104 15:44:29 [Note] Event Scheduler: Purging the queue. 0 events
141104 15:44:29  InnoDB: Starting shutdown...
141104 15:44:30  InnoDB: Shutdown completed; log sequence number 6456312
141104 15:44:30 [Note] G:\RudhraTafe\Epworth\Git\core\mysql\bin\mysqld_z.exe: Shutdown complete

141104 15:44:31 [Note] Plugin 'FEDERATED' is disabled.
141104 15:44:31 InnoDB: The InnoDB memory heap is disabled
141104 15:44:31 InnoDB: Mutexes and rw_locks use Windows interlocked functions
141104 15:44:31 InnoDB: Compressed tables use zlib 1.2.3
141104 15:44:31 InnoDB: Initializing buffer pool, size = 16.0M
141104 15:44:31 InnoDB: Completed initialization of buffer pool
141104 15:44:31 InnoDB: highest supported file format is Barracuda.
141104 15:44:32  InnoDB: Waiting for the background threads to start
141104 15:44:33 InnoDB: 5.5.36 started; log sequence number 6456312
141104 15:44:33 [Note] Server hostname (bind-address): '127.0.0.1'; port: 3306
141104 15:44:33 [Note]   - '127.0.0.1' resolves to '127.0.0.1';
141104 15:44:33 [Note] Server socket created on IP: '127.0.0.1'.
141104 15:44:33 [Note] Event Scheduler: Loaded 0 events
141104 15:44:33 [Note] G:\RudhraTafe\Epworth\Git\core\mysql\bin\mysqld_z.exe: ready for connections.
Version: '5.5.36'  socket: ''  port: 3306  MySQL Community Server (GPL)
141104 16:04:36 [Note] G:\RudhraTafe\Epworth\Git\core\mysql\bin\mysqld_z.exe: Normal shutdown

141104 16:04:36 [Note] Event Scheduler: Purging the queue. 0 events
141104 16:04:36  InnoDB: Starting shutdown...
141104 16:04:38  InnoDB: Shutdown completed; log sequence number 6456338
141104 16:04:38 [Note] G:\RudhraTafe\Epworth\Git\core\mysql\bin\mysqld_z.exe: Shutdown complete

